\BOOKMARK [1][-]{section.1}{An\341lise de Sistema no Dom\355nio do Tempo}{}% 1
\BOOKMARK [2][-]{subsection.1.1}{Quest\343o 1}{section.1}% 2
\BOOKMARK [3][-]{subsubsection.1.1.1}{Item a}{subsection.1.1}% 3
\BOOKMARK [3][-]{subsubsection.1.1.2}{Item b}{subsection.1.1}% 4
\BOOKMARK [2][-]{subsection.1.2}{Quest\343o 2}{section.1}% 5
\BOOKMARK [3][-]{subsubsection.1.2.1}{Item a}{subsection.1.2}% 6
\BOOKMARK [3][-]{subsubsection.1.2.2}{Item b}{subsection.1.2}% 7
\BOOKMARK [2][-]{subsection.1.3}{Quest\343o 3}{section.1}% 8
\BOOKMARK [3][-]{subsubsection.1.3.1}{Item a}{subsection.1.3}% 9
\BOOKMARK [3][-]{subsubsection.1.3.2}{Item b}{subsection.1.3}% 10
\BOOKMARK [2][-]{subsection.1.4}{Quest\343o 4}{section.1}% 11
\BOOKMARK [3][-]{subsubsection.1.4.1}{Item a}{subsection.1.4}% 12
\BOOKMARK [3][-]{subsubsection.1.4.2}{Item b}{subsection.1.4}% 13
\BOOKMARK [2][-]{subsection.1.5}{Quest\343o 5}{section.1}% 14
\BOOKMARK [2][-]{subsection.1.6}{Quest\343o 6}{section.1}% 15
\BOOKMARK [2][-]{subsection.1.7}{Quest\343o 7}{section.1}% 16
\BOOKMARK [2][-]{subsection.1.8}{Quest\343o 8}{section.1}% 17
\BOOKMARK [2][-]{subsection.1.9}{Quest\343o 9}{section.1}% 18
\BOOKMARK [2][-]{subsection.1.10}{Quest\343o 10}{section.1}% 19
\BOOKMARK [3][-]{subsubsection.1.10.1}{Item a}{subsection.1.10}% 20
\BOOKMARK [3][-]{subsubsection.1.10.2}{Item b}{subsection.1.10}% 21
\BOOKMARK [3][-]{subsubsection.1.10.3}{Item c}{subsection.1.10}% 22
\BOOKMARK [3][-]{subsubsection.1.10.4}{Item d}{subsection.1.10}% 23
\BOOKMARK [2][-]{subsection.1.11}{Quest\343o 11}{section.1}% 24
\BOOKMARK [3][-]{subsubsection.1.11.1}{Item a}{subsection.1.11}% 25
\BOOKMARK [3][-]{subsubsection.1.11.2}{Item b}{subsection.1.11}% 26
\BOOKMARK [2][-]{subsection.1.12}{Quest\343o 12}{section.1}% 27
\BOOKMARK [2][-]{subsection.1.13}{Quest\343o 13}{section.1}% 28
\BOOKMARK [2][-]{subsection.1.14}{Quest\343o 14}{section.1}% 29
\BOOKMARK [2][-]{subsection.1.15}{Quest\343o 15}{section.1}% 30
\BOOKMARK [3][-]{subsubsection.1.15.1}{Item a}{subsection.1.15}% 31
\BOOKMARK [3][-]{subsubsection.1.15.2}{Item b}{subsection.1.15}% 32
\BOOKMARK [3][-]{subsubsection.1.15.3}{Item c}{subsection.1.15}% 33
\BOOKMARK [2][-]{subsection.1.16}{Quest\343o 16}{section.1}% 34
\BOOKMARK [1][-]{section.2}{An\341lise de Sistema no Dom\355nio Laplace}{}% 35
\BOOKMARK [2][-]{subsection.2.1}{Quest\343o 1}{section.2}% 36
\BOOKMARK [3][-]{subsubsection.2.1.1}{Item a}{subsection.2.1}% 37
\BOOKMARK [3][-]{subsubsection.2.1.2}{Item b}{subsection.2.1}% 38
\BOOKMARK [3][-]{subsubsection.2.1.3}{Item c}{subsection.2.1}% 39
\BOOKMARK [3][-]{subsubsection.2.1.4}{Item d}{subsection.2.1}% 40
\BOOKMARK [3][-]{subsubsection.2.1.5}{Item e}{subsection.2.1}% 41
\BOOKMARK [3][-]{subsubsection.2.1.6}{Item f}{subsection.2.1}% 42
\BOOKMARK [3][-]{subsubsection.2.1.7}{Item g}{subsection.2.1}% 43
\BOOKMARK [2][-]{subsection.2.2}{Quest\343o 2}{section.2}% 44
\BOOKMARK [3][-]{subsubsection.2.2.1}{Item a}{subsection.2.2}% 45
\BOOKMARK [3][-]{subsubsection.2.2.2}{Item b}{subsection.2.2}% 46
\BOOKMARK [3][-]{subsubsection.2.2.3}{Item c}{subsection.2.2}% 47
\BOOKMARK [2][-]{subsection.2.3}{Quest\343o 3}{section.2}% 48
\BOOKMARK [3][-]{subsubsection.2.3.1}{Item a}{subsection.2.3}% 49
\BOOKMARK [3][-]{subsubsection.2.3.2}{Item b}{subsection.2.3}% 50
\BOOKMARK [3][-]{subsubsection.2.3.3}{Item c}{subsection.2.3}% 51
\BOOKMARK [2][-]{subsection.2.4}{Quest\343o 4}{section.2}% 52
\BOOKMARK [3][-]{subsubsection.2.4.1}{Item a}{subsection.2.4}% 53
\BOOKMARK [3][-]{subsubsection.2.4.2}{Item b}{subsection.2.4}% 54
\BOOKMARK [2][-]{subsection.2.5}{Quest\343o 5}{section.2}% 55
\BOOKMARK [3][-]{subsubsection.2.5.1}{Item a}{subsection.2.5}% 56
\BOOKMARK [3][-]{subsubsection.2.5.2}{Item b}{subsection.2.5}% 57
\BOOKMARK [2][-]{subsection.2.6}{Quest\343o 6}{section.2}% 58
\BOOKMARK [3][-]{subsubsection.2.6.1}{Item a}{subsection.2.6}% 59
\BOOKMARK [3][-]{subsubsection.2.6.2}{Item b}{subsection.2.6}% 60
\BOOKMARK [3][-]{subsubsection.2.6.3}{Item c}{subsection.2.6}% 61
\BOOKMARK [3][-]{subsubsection.2.6.4}{Item d}{subsection.2.6}% 62
\BOOKMARK [2][-]{subsection.2.7}{Quest\343o 7}{section.2}% 63
\BOOKMARK [3][-]{subsubsection.2.7.1}{Item a}{subsection.2.7}% 64
\BOOKMARK [3][-]{subsubsection.2.7.2}{Item b}{subsection.2.7}% 65
\BOOKMARK [2][-]{subsection.2.8}{Quest\343o 8}{section.2}% 66
